-------------------------------------------------------------------------------
Test set: com.test.MiniAppTest
-------------------------------------------------------------------------------
Tests run: 24, Failures: 2, Errors: 0, Skipped: 0, Time elapsed: 10.614 s <<< FAILURE! - in com.test.MiniAppTest
testStartServer_PrintsServerStartMessage  Time elapsed: 0.001 s  <<< FAILURE!
org.opentest4j.AssertionFailedError: expected: <true> but was: <false>
	at com.test.MiniAppTest.testStartServer_PrintsServerStartMessage(MiniAppTest.java:240)

testInitializeLogging_PrintsMessage  Time elapsed: 0.001 s  <<< FAILURE!
org.opentest4j.AssertionFailedError: expected: <true> but was: <false>
	at com.test.MiniAppTest.testInitializeLogging_PrintsMessage(MiniAppTest.java:206)

