<?xml version="1.0" encoding="UTF-8" ?>
<testsuite tests="24" failures="0" name="com.test.MiniAppTest" time="11.233" errors="0" skipped="0">
  <properties>
[...]
</properties>
  <testcase classname="com.test.MiniAppTest" name="com.test.MiniAppTest.testMiniAppConstructor" time="0"/>
  <testcase classname="com.test.MiniAppTest" name="com.test.MiniAppTest.testMainMethodWithNullArgs" time="0.999"/>
  <testcase classname="com.test.MiniAppTest" name="com.test.MiniAppTest.testMainMethodWithEmptyArgs" time="1.002"/>
  <testcase classname="com.test.MiniAppTest" name="com.test.MiniAppTest.testMainMethodWithSingleArg" time="1.002"/>
  <testcase classname="com.test.MiniAppTest" name="com.test.MiniAppTest.testMainMethodWithMultipleArgs" time="1.001"/>
  <testcase classname="com.test.MiniAppTest" name="com.test.MiniAppTest.testMainMethodOutputContainsStartupMessage" time="1.002"/>
  <testcase classname="com.test.MiniAppTest" name="com.test.MiniAppTest.testMainMethodInitializesApplication" time="1.002"/>
  <testcase classname="com.test.MiniAppTest" name="com.test.MiniAppTest.testMainMethodStartsServer" time="1.002"/>
  <testcase classname="com.test.MiniAppTest" name="com.test.MiniAppTest.testMultipleInstanceCreation" time="0"/>
  <testcase classname="com.test.MiniAppTest" name="com.test.MiniAppTest.testApplicationHandlesMissingConfigFile" time="1.004"/>
  <testcase classname="com.test.MiniAppTest" name="com.test.MiniAppTest.testApplicationHandlesLoggingInitialization" time="1.002"/>
  <testcase classname="com.test.MiniAppTest" name="com.test.MiniAppTest.testApplicationConnectsToDatabase" time="1.002"/>
  <testcase classname="com.test.MiniAppTest" name="com.test.MiniAppTest.testApplicationHandlesPortBinding" time="1.002"/>
  <testcase classname="com.test.MiniAppTest" name="com.test.MiniAppTest.testMiniAppWithInterruptedExecution" time="0.101"/>
  <testcase classname="com.test.MiniAppTest" name="com.test.MiniAppTest.testApplicationInitializationSequence" time="0.002"/>
  <testcase classname="com.test.MiniAppTest" name="com.test.MiniAppTest.testApplicationWithSystemProperties" time="0.001"/>
  <testcase classname="com.test.MiniAppTest" name="com.test.MiniAppTest.testApplicationHandlesIOException" time="0"/>
  <testcase classname="com.test.MiniAppTest" name="com.test.MiniAppTest.testConcurrentMainInvocations" time="0.001"/>
  <testcase classname="com.test.MiniAppTest" name="com.test.MiniAppTest.testMultipleInstantiationsMemory" time="0.003"/>
  <testcase classname="com.test.MiniAppTest" name="com.test.MiniAppTest.testMainMethodWithLongArguments" time="0.001"/>
  <testcase classname="com.test.MiniAppTest" name="com.test.MiniAppTest.testMainMethodWithSpecialCharacters" time="0.001"/>
  <testcase classname="com.test.MiniAppTest" name="com.test.MiniAppTest.testApplicationResourceCleanup" time="0.101"/>
  <testcase classname="com.test.MiniAppTest" name="com.test.MiniAppTest.testApplicationErrorMessages" time="0.001"/>
  <testcase classname="com.test.MiniAppTest" name="com.test.MiniAppTest.testApplicationCompletesInReasonableTime" time="0.001"/>
</testsuite>