<?xml version="1.0" encoding="UTF-8"?>
<testsuite name="JUnit Jupiter" tests="51" skipped="0" failures="0" errors="0" time="24.418" hostname="fadfadcbecca" timestamp="2025-11-21T06:55:47">
<properties>
[...]
</properties>
<testcase name="testMultipleInstances()" classname="com.test.DatabaseServiceTest" time="0">
<system-out><![CDATA[
unique-id: [engine:junit-jupiter]/[class:com.test.DatabaseServiceTest]/[method:testMultipleInstances()]
display-name: Test multiple DatabaseService instances
]]></system-out>
</testcase>
<testcase name="testMainMethodHandlesIOException()" classname="com.test.MiniAppTest" time="1.003">
<system-out><![CDATA[
unique-id: [engine:junit-jupiter]/[class:com.test.MiniAppTest]/[method:testMainMethodHandlesIOException()]
display-name: Test main method handles IOException
]]></system-out>
</testcase>
<testcase name="testExecuteQueryBeforeConnect()" classname="com.test.DatabaseServiceTest" time="0">
<system-out><![CDATA[
unique-id: [engine:junit-jupiter]/[class:com.test.DatabaseServiceTest]/[method:testExecuteQueryBeforeConnect()]
display-name: Test executeQuery before connect
]]></system-out>
</testcase>
<testcase name="testMultipleDisconnectCalls()" classname="com.test.DatabaseServiceTest" time="0.198">
<system-out><![CDATA[
unique-id: [engine:junit-jupiter]/[class:com.test.DatabaseServiceTest]/[method:testMultipleDisconnectCalls()]
display-name: Test multiple disconnect calls
]]></system-out>
</testcase>
<testcase name="testExecuteQueryWithEmptySql()" classname="com.test.DatabaseServiceTest" time="0">
<system-out><![CDATA[
unique-id: [engine:junit-jupiter]/[class:com.test.DatabaseServiceTest]/[method:testExecuteQueryWithEmptySql()]
display-name: Test executeQuery with empty SQL
]]></system-out>
</testcase>
<testcase name="testMainMethodExecutesWithoutException()" classname="com.test.MiniAppTest" time="1.003">
<system-out><![CDATA[
unique-id: [engine:junit-jupiter]/[class:com.test.MiniAppTest]/[method:testMainMethodExecutesWithoutException()]
display-name: Test main method executes without exception
]]></system-out>
</testcase>
<testcase name="testMainMethodConfigurationLoading()" classname="com.test.MiniAppTest" time="1.002">
<system-out><![CDATA[
unique-id: [engine:junit-jupiter]/[class:com.test.MiniAppTest]/[method:testMainMethodConfigurationLoading()]
display-name: Test main method configuration loading
]]></system-out>
</testcase>
<testcase name="testMainMethodHandlesSQLException()" classname="com.test.MiniAppTest" time="1.003">
<system-out><![CDATA[
unique-id: [engine:junit-jupiter]/[class:com.test.MiniAppTest]/[method:testMainMethodHandlesSQLException()]
display-name: Test main method handles SQLException
]]></system-out>
</testcase>
<testcase name="testMainMethodServerInitialization()" classname="com.test.MiniAppTest" time="1.003">
<system-out><![CDATA[
unique-id: [engine:junit-jupiter]/[class:com.test.MiniAppTest]/[method:testMainMethodServerInitialization()]
display-name: Test main method server initialization
]]></system-out>
</testcase>
<testcase name="testMultipleConnectCalls()" classname="com.test.DatabaseServiceTest" time="0.002">
<system-out><![CDATA[
unique-id: [engine:junit-jupiter]/[class:com.test.DatabaseServiceTest]/[method:testMultipleConnectCalls()]
display-name: Test multiple connect calls
]]></system-out>
</testcase>
<testcase name="testMainMethodHandlesPortBindingConflict()" classname="com.test.MiniAppTest" time="1.003">
<system-out><![CDATA[
unique-id: [engine:junit-jupiter]/[class:com.test.MiniAppTest]/[method:testMainMethodHandlesPortBindingConflict()]
display-name: Test main method handles port binding conflict
]]></system-out>
</testcase>
<testcase name="testExecuteQueryWithSpecialCharacters()" classname="com.test.DatabaseServiceTest" time="0">
<system-out><![CDATA[
unique-id: [engine:junit-jupiter]/[class:com.test.DatabaseServiceTest]/[method:testExecuteQueryWithSpecialCharacters()]
display-name: Test executeQuery with special characters
]]></system-out>
</testcase>
<testcase name="testMiniAppInstantiation()" classname="com.test.MiniAppTest" time="0">
<system-out><![CDATA[
unique-id: [engine:junit-jupiter]/[class:com.test.MiniAppTest]/[method:testMiniAppInstantiation()]
display-name: Test MiniApp instantiation
]]></system-out>
</testcase>
<testcase name="testMainMethodInitializesApplication()" classname="com.test.MiniAppTest" time="1.003">
<system-out><![CDATA[
unique-id: [engine:junit-jupiter]/[class:com.test.MiniAppTest]/[method:testMainMethodInitializesApplication()]
display-name: Test main method initializes application
]]></system-out>
</testcase>
<testcase name="testExecuteQueryWithLongSql()" classname="com.test.DatabaseServiceTest" time="0">
<system-out><![CDATA[
unique-id: [engine:junit-jupiter]/[class:com.test.DatabaseServiceTest]/[method:testExecuteQueryWithLongSql()]
display-name: Test executeQuery with very long SQL
]]></system-out>
</testcase>
<testcase name="testConnectAndDisconnectSequence()" classname="com.test.DatabaseServiceTest" time="0.001">
<system-out><![CDATA[
unique-id: [engine:junit-jupiter]/[class:com.test.DatabaseServiceTest]/[method:testConnectAndDisconnectSequence()]
display-name: Test connect and disconnect sequence
]]></system-out>
</testcase>
<testcase name="testMainMethodHardcodedPathUsage()" classname="com.test.MiniAppTest" time="1.002">
<system-out><![CDATA[
unique-id: [engine:junit-jupiter]/[class:com.test.MiniAppTest]/[method:testMainMethodHardcodedPathUsage()]
display-name: Test main method hardcoded path usage
]]></system-out>
</testcase>
<testcase name="testExecuteQueryWithSelectStatement()" classname="com.test.DatabaseServiceTest" time="0">
<system-out><![CDATA[
unique-id: [engine:junit-jupiter]/[class:com.test.DatabaseServiceTest]/[method:testExecuteQueryWithSelectStatement()]
display-name: Test executeQuery with SELECT statement
]]></system-out>
</testcase>
<testcase name="testDisconnectWithoutConnection()" classname="com.test.DatabaseServiceTest" time="0.001">
<system-out><![CDATA[
unique-id: [engine:junit-jupiter]/[class:com.test.DatabaseServiceTest]/[method:testDisconnectWithoutConnection()]
display-name: Test disconnect without prior connection
]]></system-out>
</testcase>
<testcase name="testExecuteQueryWithInsertStatement()" classname="com.test.DatabaseServiceTest" time="0">
<system-out><![CDATA[
unique-id: [engine:junit-jupiter]/[class:com.test.DatabaseServiceTest]/[method:testExecuteQueryWithInsertStatement()]
display-name: Test executeQuery with INSERT statement
]]></system-out>
</testcase>
<testcase name="testConstructorCreatesNonNullInstance()" classname="com.test.MiniAppTest" time="0">
<system-out><![CDATA[
unique-id: [engine:junit-jupiter]/[class:com.test.MiniAppTest]/[method:testConstructorCreatesNonNullInstance()]
display-name: Test MiniApp constructor creates non-null instance
]]></system-out>
</testcase>
<testcase name="testExecuteQueryWithNullSql()" classname="com.test.DatabaseServiceTest" time="0">
<system-out><![CDATA[
unique-id: [engine:junit-jupiter]/[class:com.test.DatabaseServiceTest]/[method:testExecuteQueryWithNullSql()]
display-name: Test executeQuery with null SQL
]]></system-out>
</testcase>
<testcase name="testMainMethodCompletesExecution()" classname="com.test.MiniAppTest" time="1.002">
<system-out><![CDATA[
unique-id: [engine:junit-jupiter]/[class:com.test.MiniAppTest]/[method:testMainMethodCompletesExecution()]
display-name: Test main method completes execution
]]></system-out>
</testcase>
<testcase name="testMainMethodHandlesMissingLogDirectory()" classname="com.test.MiniAppTest" time="1.028">
<system-out><![CDATA[
unique-id: [engine:junit-jupiter]/[class:com.test.MiniAppTest]/[method:testMainMethodHandlesMissingLogDirectory()]
display-name: Test main method handles missing log directory
]]></system-out>
</testcase>
<testcase name="testExecuteQueryWithSqlInjection()" classname="com.test.DatabaseServiceTest" time="0">
<system-out><![CDATA[
unique-id: [engine:junit-jupiter]/[class:com.test.DatabaseServiceTest]/[method:testExecuteQueryWithSqlInjection()]
display-name: Test executeQuery with SQL injection attempt
]]></system-out>
</testcase>
<testcase name="testMultipleMiniAppInstances()" classname="com.test.MiniAppTest" time="0">
<system-out><![CDATA[
unique-id: [engine:junit-jupiter]/[class:com.test.MiniAppTest]/[method:testMultipleMiniAppInstances()]
display-name: Test multiple MiniApp instances
]]></system-out>
</testcase>
<testcase name="testMainMethodWithNullArguments()" classname="com.test.MiniAppTest" time="1.003">
<system-out><![CDATA[
unique-id: [engine:junit-jupiter]/[class:com.test.MiniAppTest]/[method:testMainMethodWithNullArguments()]
display-name: Test main method with null arguments
]]></system-out>
</testcase>
<testcase name="testConstructorCreatesNonNullInstance()" classname="com.test.DatabaseServiceTest" time="0">
<system-out><![CDATA[
unique-id: [engine:junit-jupiter]/[class:com.test.DatabaseServiceTest]/[method:testConstructorCreatesNonNullInstance()]
display-name: Test DatabaseService constructor creates non-null instance
]]></system-out>
</testcase>
<testcase name="testExecuteQueryWithUnicodeCharacters()" classname="com.test.DatabaseServiceTest" time="0.001">
<system-out><![CDATA[
unique-id: [engine:junit-jupiter]/[class:com.test.DatabaseServiceTest]/[method:testExecuteQueryWithUnicodeCharacters()]
display-name: Test executeQuery with unicode characters
]]></system-out>
</testcase>
<testcase name="testMainMethodHardcodedPortUsage()" classname="com.test.MiniAppTest" time="1.003">
<system-out><![CDATA[
unique-id: [engine:junit-jupiter]/[class:com.test.MiniAppTest]/[method:testMainMethodHardcodedPortUsage()]
display-name: Test main method hardcoded port usage
]]></system-out>
</testcase>
<testcase name="testMainMethodExecutionOrder()" classname="com.test.MiniAppTest" time="1.003">
<system-out><![CDATA[
unique-id: [engine:junit-jupiter]/[class:com.test.MiniAppTest]/[method:testMainMethodExecutionOrder()]
display-name: Test main method execution order
]]></system-out>
</testcase>
<testcase name="testMainMethodWithSystemProperty()" classname="com.test.MiniAppTest" time="1.003">
<system-out><![CDATA[
unique-id: [engine:junit-jupiter]/[class:com.test.MiniAppTest]/[method:testMainMethodWithSystemProperty()]
display-name: Test main method with system property
]]></system-out>
</testcase>
<testcase name="testExecuteQueryWithUpdateStatement()" classname="com.test.DatabaseServiceTest" time="0.001">
<system-out><![CDATA[
unique-id: [engine:junit-jupiter]/[class:com.test.DatabaseServiceTest]/[method:testExecuteQueryWithUpdateStatement()]
display-name: Test executeQuery with UPDATE statement
]]></system-out>
</testcase>
<testcase name="testConnectExecutesWithoutException()" classname="com.test.DatabaseServiceTest" time="0.001">
<system-out><![CDATA[
unique-id: [engine:junit-jupiter]/[class:com.test.DatabaseServiceTest]/[method:testConnectExecutesWithoutException()]
display-name: Test connect method execution without exception
]]></system-out>
</testcase>
<testcase name="testMainMethodHandlesServerSocketBinding()" classname="com.test.MiniAppTest" time="1.004">
<system-out><![CDATA[
unique-id: [engine:junit-jupiter]/[class:com.test.MiniAppTest]/[method:testMainMethodHandlesServerSocketBinding()]
display-name: Test main method handles server socket binding
]]></system-out>
</testcase>
<testcase name="testMainMethodWithEmptyArguments()" classname="com.test.MiniAppTest" time="1.003">
<system-out><![CDATA[
unique-id: [engine:junit-jupiter]/[class:com.test.MiniAppTest]/[method:testMainMethodWithEmptyArguments()]
display-name: Test main method with empty arguments
]]></system-out>
</testcase>
<testcase name="testMainMethodHandlesMissingConfigFile()" classname="com.test.MiniAppTest" time="1.003">
<system-out><![CDATA[
unique-id: [engine:junit-jupiter]/[class:com.test.MiniAppTest]/[method:testMainMethodHandlesMissingConfigFile()]
display-name: Test main method handles missing config file
]]></system-out>
</testcase>
<testcase name="testExecuteQueryWithDeleteStatement()" classname="com.test.DatabaseServiceTest" time="0.029">
<system-out><![CDATA[
unique-id: [engine:junit-jupiter]/[class:com.test.DatabaseServiceTest]/[method:testExecuteQueryWithDeleteStatement()]
display-name: Test executeQuery with DELETE statement
]]></system-out>
</testcase>
<testcase name="testMainMethodHandlesDatabaseConnectionFailure()" classname="com.test.MiniAppTest" time="1.002">
<system-out><![CDATA[
unique-id: [engine:junit-jupiter]/[class:com.test.MiniAppTest]/[method:testMainMethodHandlesDatabaseConnectionFailure()]
display-name: Test main method handles database connection failure
]]></system-out>
</testcase>
<testcase name="testConnectWithInvalidCredentials()" classname="com.test.DatabaseServiceTest" time="0.002">
<system-out><![CDATA[
unique-id: [engine:junit-jupiter]/[class:com.test.DatabaseServiceTest]/[method:testConnectWithInvalidCredentials()]
display-name: Test connect method with invalid credentials
]]></system-out>
</testcase>
<testcase name="testMainMethodPrintsStartupMessage()" classname="com.test.MiniAppTest" time="1.003">
<system-out><![CDATA[
unique-id: [engine:junit-jupiter]/[class:com.test.MiniAppTest]/[method:testMainMethodPrintsStartupMessage()]
display-name: Test main method prints startup message
]]></system-out>
</testcase>
<testcase name="testMainMethodCreatesDatabaseService()" classname="com.test.MiniAppTest" time="1.002">
<system-out><![CDATA[
unique-id: [engine:junit-jupiter]/[class:com.test.MiniAppTest]/[method:testMainMethodCreatesDatabaseService()]
display-name: Test main method creates DatabaseService
]]></system-out>
</testcase>
<testcase name="testExecuteQueryWithInvalidSql()" classname="com.test.DatabaseServiceTest" time="0">
<system-out><![CDATA[
unique-id: [engine:junit-jupiter]/[class:com.test.DatabaseServiceTest]/[method:testExecuteQueryWithInvalidSql()]
display-name: Test executeQuery with invalid SQL syntax
]]></system-out>
</testcase>
<testcase name="testDatabaseServiceInstantiation()" classname="com.test.DatabaseServiceTest" time="0">
<system-out><![CDATA[
unique-id: [engine:junit-jupiter]/[class:com.test.DatabaseServiceTest]/[method:testDatabaseServiceInstantiation()]
display-name: Test DatabaseService instantiation
]]></system-out>
</testcase>
<testcase name="testMainMethodWithMultipleArguments()" classname="com.test.MiniAppTest" time="1.003">
<system-out><![CDATA[
unique-id: [engine:junit-jupiter]/[class:com.test.MiniAppTest]/[method:testMainMethodWithMultipleArguments()]
display-name: Test main method with multiple arguments
]]></system-out>
</testcase>
<testcase name="testMainMethodCacheConnection()" classname="com.test.MiniAppTest" time="1.005">
<system-out><![CDATA[
unique-id: [engine:junit-jupiter]/[class:com.test.MiniAppTest]/[method:testMainMethodCacheConnection()]
display-name: Test main method cache connection
]]></system-out>
</testcase>
<testcase name="testMainMethodLoggingInitialization()" classname="com.test.MiniAppTest" time="1.003">
<system-out><![CDATA[
unique-id: [engine:junit-jupiter]/[class:com.test.MiniAppTest]/[method:testMainMethodLoggingInitialization()]
display-name: Test main method logging initialization
]]></system-out>
</testcase>
<testcase name="testExecuteQueryWithValidSql()" classname="com.test.DatabaseServiceTest" time="0">
<system-out><![CDATA[
unique-id: [engine:junit-jupiter]/[class:com.test.DatabaseServiceTest]/[method:testExecuteQueryWithValidSql()]
display-name: Test executeQuery with valid SQL
]]></system-out>
</testcase>
<testcase name="testExecuteQueryAfterDisconnect()" classname="com.test.DatabaseServiceTest" time="0.001">
<system-out><![CDATA[
unique-id: [engine:junit-jupiter]/[class:com.test.DatabaseServiceTest]/[method:testExecuteQueryAfterDisconnect()]
display-name: Test executeQuery after disconnect
]]></system-out>
</testcase>
<testcase name="testDisconnectExecutesWithoutException()" classname="com.test.DatabaseServiceTest" time="0">
<system-out><![CDATA[
unique-id: [engine:junit-jupiter]/[class:com.test.DatabaseServiceTest]/[method:testDisconnectExecutesWithoutException()]
display-name: Test disconnect method execution
]]></system-out>
</testcase>
<testcase name="testMainMethodExternalServiceInitialization()" classname="com.test.MiniAppTest" time="1.003">
<system-out><![CDATA[
unique-id: [engine:junit-jupiter]/[class:com.test.MiniAppTest]/[method:testMainMethodExternalServiceInitialization()]
display-name: Test main method external service initialization
]]></system-out>
</testcase>
<system-out><![CDATA[
unique-id: [engine:junit-jupiter]
display-name: JUnit Jupiter
]]></system-out>
</testsuite>
