<?xml version="1.0" encoding="UTF-8"?>
<testsuite xmlns:xsi="http://www.w3.org/2001/XMLSchema-instance" xsi:noNamespaceSchemaLocation="https://maven.apache.org/surefire/maven-surefire-plugin/xsd/surefire-test-report-3.0.xsd" version="3.0" name="com.test.DatabaseServiceTest" time="1.65" tests="24" errors="0" skipped="0" failures="0">
  <properties>
[...]
</properties>
  <testcase name="staticConstants_externalApiUrl_isNotNullOrEmpty" classname="com.test.DatabaseServiceTest" time="0.039"/>
  <testcase name="executeQuery_withNullConnection_producesNoOutput" classname="com.test.DatabaseServiceTest" time="0.002"/>
  <testcase name="executeQuery_withMockOpenConnection_executesQueryAndPrintsMessage" classname="com.test.DatabaseServiceTest" time="1.285"/>
  <testcase name="disconnect_withNullConnection_producesNoOutput" classname="com.test.DatabaseServiceTest" time="0.002"/>
  <testcase name="disconnect_withMockOpenConnection_closesConnectionAndPrintsMessage" classname="com.test.DatabaseServiceTest" time="0.004"/>
  <testcase name="constructor_newInstance_connectionIsNull" classname="com.test.DatabaseServiceTest" time="0.003"/>
  <testcase name="staticConstants_dbUrl_isCorrectlyFormed" classname="com.test.DatabaseServiceTest" time="0.001"/>
  <testcase name="connect_whenDatabaseUnavailable_doesNotThrowException" classname="com.test.DatabaseServiceTest" time="0.228"/>
  <testcase name="constructor_defaultConstructor_createsInstance" classname="com.test.DatabaseServiceTest" time="0.002"/>
  <testcase name="disconnect_calledMultipleTimes_doesNotThrow" classname="com.test.DatabaseServiceTest" time="0.001"/>
  <testcase name="connect_whenDatabaseUnavailable_printsErrorMessage" classname="com.test.DatabaseServiceTest" time="0.003"/>
  <testcase name="executeQuery_withEmptySqlAndNullConnection_doesNotThrow" classname="com.test.DatabaseServiceTest" time="0.001"/>
  <testcase name="executeQuery_withNullSqlAndNullConnection_doesNotThrow" classname="com.test.DatabaseServiceTest" time="0.002"/>
  <testcase name="disconnect_withNullConnection_doesNotThrow" classname="com.test.DatabaseServiceTest" time="0.001"/>
  <testcase name="executeQuery_whenPrepareStatementThrowsSQLException_printsError" classname="com.test.DatabaseServiceTest" time="0.006"/>
  <testcase name="disconnect_whenCloseThrowsSQLException_printsError" classname="com.test.DatabaseServiceTest" time="0.005"/>
  <testcase name="connect_whenCalled_printsDatabaseConnectingMessage" classname="com.test.DatabaseServiceTest" time="0.003"/>
  <testcase name="connect_calledMultipleTimes_doesNotThrow" classname="com.test.DatabaseServiceTest" time="0.005"/>
  <testcase name="executeQuery_whenIsClosedThrowsSQLException_printsError" classname="com.test.DatabaseServiceTest" time="0.002"/>
  <testcase name="staticConstants_redisPort_hasExpectedValue" classname="com.test.DatabaseServiceTest" time="0.003"/>
  <testcase name="staticConstants_dbUsername_hasExpectedValue" classname="com.test.DatabaseServiceTest" time="0.002"/>
  <testcase name="executeQuery_withNullConnection_doesNotThrow" classname="com.test.DatabaseServiceTest" time="0.001"/>
  <testcase name="executeQuery_withMockClosedConnection_doesNotExecuteQuery" classname="com.test.DatabaseServiceTest" time="0.002"/>
  <testcase name="disconnect_withMockAlreadyClosedConnection_doesNotCallClose" classname="com.test.DatabaseServiceTest" time="0.001"/>
</testsuite>