<?xml version="1.0" encoding="UTF-8"?>
<testsuite xmlns:xsi="http://www.w3.org/2001/XMLSchema-instance" xsi:noNamespaceSchemaLocation="https://maven.apache.org/surefire/maven-surefire-plugin/xsd/surefire-test-report-3.0.xsd" version="3.0" name="com.test.MiniAppTest" time="9.101" tests="41" errors="0" skipped="0" failures="0">
  <properties>
[...]
</properties>
  <testcase name="staticField_logFilePath_endsWithLog" classname="com.test.MiniAppTest" time="0.002"/>
  <testcase name="initializeApplication_triggersInitializeLogging" classname="com.test.MiniAppTest" time="0.003"/>
  <testcase name="loadConfiguration_fileNotExists_doesNotThrow" classname="com.test.MiniAppTest" time="0.011"/>
  <testcase name="classStructure_hasStartServerMethod" classname="com.test.MiniAppTest" time="0.002"/>
  <testcase name="startServer_usesPort8080" classname="com.test.MiniAppTest" time="1.003"/>
  <testcase name="classStructure_hasLoadConfigurationMethod" classname="com.test.MiniAppTest" time="0.001"/>
  <testcase name="initializeApplication_doesNotThrow" classname="com.test.MiniAppTest" time="0.002"/>
  <testcase name="classStructure_hasInitializeApplicationMethod" classname="com.test.MiniAppTest" time="0.0"/>
  <testcase name="logFilePath_isNotNullOrEmpty" classname="com.test.MiniAppTest" time="0.001"/>
  <testcase name="staticField_logFilePath_startsWithVarLog" classname="com.test.MiniAppTest" time="0.001"/>
  <testcase name="classStructure_hasConfigFilePathField" classname="com.test.MiniAppTest" time="0.001"/>
  <testcase name="staticField_logFilePath_isCorrect" classname="com.test.MiniAppTest" time="0.001"/>
  <testcase name="initializeLogging_printsMessage" classname="com.test.MiniAppTest" time="0.001"/>
  <testcase name="startServer_doesNotThrow" classname="com.test.MiniAppTest" time="1.002"/>
  <testcase name="classStructure_hasLogFilePathField" classname="com.test.MiniAppTest" time="0.001"/>
  <testcase name="main_withNonEmptyArgs_doesNotThrow" classname="com.test.MiniAppTest" time="1.004"/>
  <testcase name="configFilePath_isNotNullOrEmpty" classname="com.test.MiniAppTest" time="0.001"/>
  <testcase name="configFilePath_usesForwardSlashes" classname="com.test.MiniAppTest" time="0.001"/>
  <testcase name="classStructure_hasInitializeLoggingMethod" classname="com.test.MiniAppTest" time="0.001"/>
  <testcase name="classStructure_hasServerPortField" classname="com.test.MiniAppTest" time="0.001"/>
  <testcase name="loadConfiguration_fileNotExists_printsConfigPath" classname="com.test.MiniAppTest" time="0.001"/>
  <testcase name="staticField_configFilePath_endsWithProperties" classname="com.test.MiniAppTest" time="0.0"/>
  <testcase name="staticField_serverPort_is8080" classname="com.test.MiniAppTest" time="0.0"/>
  <testcase name="initializeApplication_triggersLoadConfiguration" classname="com.test.MiniAppTest" time="0.002"/>
  <testcase name="main_completesWithinReasonableTime" classname="com.test.MiniAppTest" time="1.005"/>
  <testcase name="constructor_multipleInstances_allNotNull" classname="com.test.MiniAppTest" time="0.001"/>
  <testcase name="staticField_configFilePath_startsWithOpt" classname="com.test.MiniAppTest" time="0.001"/>
  <testcase name="logFilePath_usesForwardSlashes" classname="com.test.MiniAppTest" time="0.001"/>
  <testcase name="main_withEmptyArgs_doesNotThrow" classname="com.test.MiniAppTest" time="1.003"/>
  <testcase name="startServer_printsMessage" classname="com.test.MiniAppTest" time="1.001"/>
  <testcase name="serverPort_isInValidRange" classname="com.test.MiniAppTest" time="0.003"/>
  <testcase name="staticField_configFilePath_isCorrect" classname="com.test.MiniAppTest" time="0.001"/>
  <testcase name="initializeLogging_doesNotThrow" classname="com.test.MiniAppTest" time="0.001"/>
  <testcase name="constructor_default_createsInstance" classname="com.test.MiniAppTest" time="0.001"/>
  <testcase name="main_triggersInitialization" classname="com.test.MiniAppTest" time="1.003"/>
  <testcase name="initializeApplication_triggersDatabaseConnect" classname="com.test.MiniAppTest" time="0.002"/>
  <testcase name="main_printsStartingMessage" classname="com.test.MiniAppTest" time="1.003"/>
  <testcase name="serverPort_isPositive" classname="com.test.MiniAppTest" time="0.001"/>
  <testcase name="main_withNullArgs_doesNotThrow" classname="com.test.MiniAppTest" time="1.003"/>
  <testcase name="classStructure_hasMainMethod" classname="com.test.MiniAppTest" time="0.001"/>
  <testcase name="loadConfiguration_fileNotExists_printsWarning" classname="com.test.MiniAppTest" time="0.0"/>
</testsuite>